Loading required package: ggplot2
Loading required package: StanHeaders
rstan (Version 2.17.3, GitRev: 2e1f913d3ca3)
For execution on a local, multicore CPU with excess RAM we recommend calling
options(mc.cores = parallel::detectCores()).
To avoid recompilation of unchanged Stan programs, we recommend calling
rstan_options(auto_write = TRUE)
[1] 1 7 4 3 5 9 2 6 8
pp
  1   2   3   4   5   6   7   8   9 
711 111  90  82  85  73 116  67  73 
       pitcher        catcher  first baseman second baseman  third baseman 
         "G_p"          "G_c"         "G_1b"         "G_2b"         "G_3b" 
     shortstop   left fielder center fielder  right fielder 
        "G_ss"         "G_lf"         "G_cf"         "G_rf" 

  1 
333 
       pitcher        catcher  first baseman second baseman  third baseman 
         "G_p"          "G_c"         "G_1b"         "G_2b"         "G_3b" 
     shortstop   left fielder center fielder  right fielder 
        "G_ss"         "G_lf"         "G_cf"         "G_rf" 
[1] 333
In file included from /share/software/user/open/r-rstan/2.17.3/BH/include/boost/config.hpp:39:0,
                 from /share/software/user/open/r-rstan/2.17.3/BH/include/boost/math/tools/config.hpp:13,
                 from /share/software/user/open/r-rstan/2.17.3/StanHeaders/include/stan/math/rev/core/var.hpp:7,
                 from /share/software/user/open/r-rstan/2.17.3/StanHeaders/include/stan/math/rev/core/gevv_vvv_vari.hpp:5,
                 from /share/software/user/open/r-rstan/2.17.3/StanHeaders/include/stan/math/rev/core.hpp:12,
                 from /share/software/user/open/r-rstan/2.17.3/StanHeaders/include/stan/math/rev/mat.hpp:4,
                 from /share/software/user/open/r-rstan/2.17.3/StanHeaders/include/stan/math.hpp:4,
                 from /share/software/user/open/r-rstan/2.17.3/StanHeaders/include/src/stan/model/model_header.hpp:4,
                 from file2b9f979230ce7.cpp:8:
/share/software/user/open/r-rstan/2.17.3/BH/include/boost/config/compiler/gcc.hpp:186:0: warning: "BOOST_NO_CXX11_RVALUE_REFERENCES" redefined [enabled by default]
 #  define BOOST_NO_CXX11_RVALUE_REFERENCES
 ^
<command-line>:0:0: note: this is the location of the previous definition

SAMPLING FOR MODEL 'baseball_simper' NOW (CHAIN 1).

Gradient evaluation took 0 seconds
1000 transitions using 10 leapfrog steps per transition would take 0 seconds.
Adjust your expectations accordingly!


Iteration:      1 / 200000 [  0%]  (Warmup)
Iteration:  20000 / 200000 [ 10%]  (Warmup)
Iteration:  40000 / 200000 [ 20%]  (Warmup)
Iteration:  60000 / 200000 [ 30%]  (Warmup)
Iteration:  80000 / 200000 [ 40%]  (Warmup)
Iteration: 100000 / 200000 [ 50%]  (Warmup)
Iteration: 100001 / 200000 [ 50%]  (Sampling)
Iteration: 120000 / 200000 [ 60%]  (Sampling)
Iteration: 140000 / 200000 [ 70%]  (Sampling)
Iteration: 160000 / 200000 [ 80%]  (Sampling)
Iteration: 180000 / 200000 [ 90%]  (Sampling)
Iteration: 200000 / 200000 [100%]  (Sampling)

 Elapsed Time: 699.12 seconds (Warm-up)
               1175.63 seconds (Sampling)
               1874.75 seconds (Total)

[1] "Iteration 1 times used: 1874.75"

SAMPLING FOR MODEL 'baseball_simper' NOW (CHAIN 1).

Gradient evaluation took 0 seconds
1000 transitions using 10 leapfrog steps per transition would take 0 seconds.
Adjust your expectations accordingly!


Iteration:      1 / 200000 [  0%]  (Warmup)
Iteration:  20000 / 200000 [ 10%]  (Warmup)
Iteration:  40000 / 200000 [ 20%]  (Warmup)
Iteration:  60000 / 200000 [ 30%]  (Warmup)
Iteration:  80000 / 200000 [ 40%]  (Warmup)
Iteration: 100000 / 200000 [ 50%]  (Warmup)
Iteration: 100001 / 200000 [ 50%]  (Sampling)
Iteration: 120000 / 200000 [ 60%]  (Sampling)
Iteration: 140000 / 200000 [ 70%]  (Sampling)
Iteration: 160000 / 200000 [ 80%]  (Sampling)
Iteration: 180000 / 200000 [ 90%]  (Sampling)
Iteration: 200000 / 200000 [100%]  (Sampling)

 Elapsed Time: 744.48 seconds (Warm-up)
               561.92 seconds (Sampling)
               1306.4 seconds (Total)

[1] "Iteration 2 times used: 1306.4"

SAMPLING FOR MODEL 'baseball_simper' NOW (CHAIN 1).

Gradient evaluation took 0 seconds
1000 transitions using 10 leapfrog steps per transition would take 0 seconds.
Adjust your expectations accordingly!


Iteration:      1 / 200000 [  0%]  (Warmup)
Iteration:  20000 / 200000 [ 10%]  (Warmup)
Iteration:  40000 / 200000 [ 20%]  (Warmup)
Iteration:  60000 / 200000 [ 30%]  (Warmup)
Iteration:  80000 / 200000 [ 40%]  (Warmup)
Iteration: 100000 / 200000 [ 50%]  (Warmup)
Iteration: 100001 / 200000 [ 50%]  (Sampling)
Iteration: 120000 / 200000 [ 60%]  (Sampling)
Iteration: 140000 / 200000 [ 70%]  (Sampling)
Iteration: 160000 / 200000 [ 80%]  (Sampling)
Iteration: 180000 / 200000 [ 90%]  (Sampling)
Iteration: 200000 / 200000 [100%]  (Sampling)

 Elapsed Time: 661.45 seconds (Warm-up)
               1714.73 seconds (Sampling)
               2376.18 seconds (Total)

[1] "Iteration 3 times used: 2376.18"

SAMPLING FOR MODEL 'baseball_simper' NOW (CHAIN 1).

Gradient evaluation took 0 seconds
1000 transitions using 10 leapfrog steps per transition would take 0 seconds.
Adjust your expectations accordingly!


Iteration:      1 / 200000 [  0%]  (Warmup)
Iteration:  20000 / 200000 [ 10%]  (Warmup)
Iteration:  40000 / 200000 [ 20%]  (Warmup)
Iteration:  60000 / 200000 [ 30%]  (Warmup)
Iteration:  80000 / 200000 [ 40%]  (Warmup)
Iteration: 100000 / 200000 [ 50%]  (Warmup)
Iteration: 100001 / 200000 [ 50%]  (Sampling)
Iteration: 120000 / 200000 [ 60%]  (Sampling)
Iteration: 140000 / 200000 [ 70%]  (Sampling)
Iteration: 160000 / 200000 [ 80%]  (Sampling)
Iteration: 180000 / 200000 [ 90%]  (Sampling)
Iteration: 200000 / 200000 [100%]  (Sampling)

 Elapsed Time: 654.73 seconds (Warm-up)
               1270.1 seconds (Sampling)
               1924.83 seconds (Total)

[1] "Iteration 4 times used: 1924.83"

SAMPLING FOR MODEL 'baseball_simper' NOW (CHAIN 1).

Gradient evaluation took 0 seconds
1000 transitions using 10 leapfrog steps per transition would take 0 seconds.
Adjust your expectations accordingly!


Iteration:      1 / 200000 [  0%]  (Warmup)
Iteration:  20000 / 200000 [ 10%]  (Warmup)
Iteration:  40000 / 200000 [ 20%]  (Warmup)
Iteration:  60000 / 200000 [ 30%]  (Warmup)
Iteration:  80000 / 200000 [ 40%]  (Warmup)
Iteration: 100000 / 200000 [ 50%]  (Warmup)
Iteration: 100001 / 200000 [ 50%]  (Sampling)
Iteration: 120000 / 200000 [ 60%]  (Sampling)
Iteration: 140000 / 200000 [ 70%]  (Sampling)
Iteration: 160000 / 200000 [ 80%]  (Sampling)
Iteration: 180000 / 200000 [ 90%]  (Sampling)
Iteration: 200000 / 200000 [100%]  (Sampling)

 Elapsed Time: 758.24 seconds (Warm-up)
               768.57 seconds (Sampling)
               1526.81 seconds (Total)

[1] "Iteration 5 times used: 1526.81"

SAMPLING FOR MODEL 'baseball_simper' NOW (CHAIN 1).

Gradient evaluation took 0 seconds
1000 transitions using 10 leapfrog steps per transition would take 0 seconds.
Adjust your expectations accordingly!


Iteration:      1 / 200000 [  0%]  (Warmup)
Iteration:  20000 / 200000 [ 10%]  (Warmup)
Iteration:  40000 / 200000 [ 20%]  (Warmup)
Iteration:  60000 / 200000 [ 30%]  (Warmup)
Iteration:  80000 / 200000 [ 40%]  (Warmup)
Iteration: 100000 / 200000 [ 50%]  (Warmup)
Iteration: 100001 / 200000 [ 50%]  (Sampling)
Iteration: 120000 / 200000 [ 60%]  (Sampling)
Iteration: 140000 / 200000 [ 70%]  (Sampling)
Iteration: 160000 / 200000 [ 80%]  (Sampling)
Iteration: 180000 / 200000 [ 90%]  (Sampling)
Iteration: 200000 / 200000 [100%]  (Sampling)

 Elapsed Time: 737.3 seconds (Warm-up)
               1360.32 seconds (Sampling)
               2097.62 seconds (Total)

[1] "Iteration 6 times used: 2097.62"

SAMPLING FOR MODEL 'baseball_simper' NOW (CHAIN 1).

Gradient evaluation took 0 seconds
1000 transitions using 10 leapfrog steps per transition would take 0 seconds.
Adjust your expectations accordingly!


Iteration:      1 / 200000 [  0%]  (Warmup)
Iteration:  20000 / 200000 [ 10%]  (Warmup)
Iteration:  40000 / 200000 [ 20%]  (Warmup)
Iteration:  60000 / 200000 [ 30%]  (Warmup)
Iteration:  80000 / 200000 [ 40%]  (Warmup)
Iteration: 100000 / 200000 [ 50%]  (Warmup)
Iteration: 100001 / 200000 [ 50%]  (Sampling)
Iteration: 120000 / 200000 [ 60%]  (Sampling)
Iteration: 140000 / 200000 [ 70%]  (Sampling)
Iteration: 160000 / 200000 [ 80%]  (Sampling)
Iteration: 180000 / 200000 [ 90%]  (Sampling)
Iteration: 200000 / 200000 [100%]  (Sampling)

 Elapsed Time: 627.04 seconds (Warm-up)
               1567.7 seconds (Sampling)
               2194.74 seconds (Total)

[1] "Iteration 7 times used: 2194.74"

SAMPLING FOR MODEL 'baseball_simper' NOW (CHAIN 1).

Gradient evaluation took 0 seconds
1000 transitions using 10 leapfrog steps per transition would take 0 seconds.
Adjust your expectations accordingly!


Iteration:      1 / 200000 [  0%]  (Warmup)
Iteration:  20000 / 200000 [ 10%]  (Warmup)
Iteration:  40000 / 200000 [ 20%]  (Warmup)
Iteration:  60000 / 200000 [ 30%]  (Warmup)
Iteration:  80000 / 200000 [ 40%]  (Warmup)
Iteration: 100000 / 200000 [ 50%]  (Warmup)
Iteration: 100001 / 200000 [ 50%]  (Sampling)
Iteration: 120000 / 200000 [ 60%]  (Sampling)
Iteration: 140000 / 200000 [ 70%]  (Sampling)
Iteration: 160000 / 200000 [ 80%]  (Sampling)
Iteration: 180000 / 200000 [ 90%]  (Sampling)
Iteration: 200000 / 200000 [100%]  (Sampling)

 Elapsed Time: 747.39 seconds (Warm-up)
               521.53 seconds (Sampling)
               1268.92 seconds (Total)

[1] "Iteration 8 times used: 1268.92"

SAMPLING FOR MODEL 'baseball_simper' NOW (CHAIN 1).

Gradient evaluation took 0 seconds
1000 transitions using 10 leapfrog steps per transition would take 0 seconds.
Adjust your expectations accordingly!


Iteration:      1 / 200000 [  0%]  (Warmup)
Iteration:  20000 / 200000 [ 10%]  (Warmup)
Iteration:  40000 / 200000 [ 20%]  (Warmup)
Iteration:  60000 / 200000 [ 30%]  (Warmup)
Iteration:  80000 / 200000 [ 40%]  (Warmup)
Iteration: 100000 / 200000 [ 50%]  (Warmup)
Iteration: 100001 / 200000 [ 50%]  (Sampling)
Iteration: 120000 / 200000 [ 60%]  (Sampling)
Iteration: 140000 / 200000 [ 70%]  (Sampling)
Iteration: 160000 / 200000 [ 80%]  (Sampling)
Iteration: 180000 / 200000 [ 90%]  (Sampling)
Iteration: 200000 / 200000 [100%]  (Sampling)

 Elapsed Time: 664.99 seconds (Warm-up)
               1630.03 seconds (Sampling)
               2295.02 seconds (Total)

[1] "Iteration 9 times used: 2295.02"

SAMPLING FOR MODEL 'baseball_simper' NOW (CHAIN 1).

Gradient evaluation took 0 seconds
1000 transitions using 10 leapfrog steps per transition would take 0 seconds.
Adjust your expectations accordingly!


Iteration:      1 / 200000 [  0%]  (Warmup)
Iteration:  20000 / 200000 [ 10%]  (Warmup)
Iteration:  40000 / 200000 [ 20%]  (Warmup)
Iteration:  60000 / 200000 [ 30%]  (Warmup)
Iteration:  80000 / 200000 [ 40%]  (Warmup)
Iteration: 100000 / 200000 [ 50%]  (Warmup)
Iteration: 100001 / 200000 [ 50%]  (Sampling)
Iteration: 120000 / 200000 [ 60%]  (Sampling)
Iteration: 140000 / 200000 [ 70%]  (Sampling)
Iteration: 160000 / 200000 [ 80%]  (Sampling)
Iteration: 180000 / 200000 [ 90%]  (Sampling)
Iteration: 200000 / 200000 [100%]  (Sampling)

 Elapsed Time: 783.66 seconds (Warm-up)
               532.06 seconds (Sampling)
               1315.72 seconds (Total)

[1] "Iteration 10 times used: 1315.72"

SAMPLING FOR MODEL 'baseball_simper' NOW (CHAIN 1).

Gradient evaluation took 0 seconds
1000 transitions using 10 leapfrog steps per transition would take 0 seconds.
Adjust your expectations accordingly!


Iteration:      1 / 200000 [  0%]  (Warmup)
Iteration:  20000 / 200000 [ 10%]  (Warmup)
Iteration:  40000 / 200000 [ 20%]  (Warmup)
Iteration:  60000 / 200000 [ 30%]  (Warmup)
Iteration:  80000 / 200000 [ 40%]  (Warmup)
Iteration: 100000 / 200000 [ 50%]  (Warmup)
Iteration: 100001 / 200000 [ 50%]  (Sampling)
Iteration: 120000 / 200000 [ 60%]  (Sampling)
Iteration: 140000 / 200000 [ 70%]  (Sampling)
Iteration: 160000 / 200000 [ 80%]  (Sampling)
Iteration: 180000 / 200000 [ 90%]  (Sampling)
Iteration: 200000 / 200000 [100%]  (Sampling)

 Elapsed Time: 888.25 seconds (Warm-up)
               919.5 seconds (Sampling)
               1807.75 seconds (Total)

[1] "Iteration 11 times used: 1807.75"

SAMPLING FOR MODEL 'baseball_simper' NOW (CHAIN 1).

Gradient evaluation took 0 seconds
1000 transitions using 10 leapfrog steps per transition would take 0 seconds.
Adjust your expectations accordingly!


Iteration:      1 / 200000 [  0%]  (Warmup)
Iteration:  20000 / 200000 [ 10%]  (Warmup)
Iteration:  40000 / 200000 [ 20%]  (Warmup)
Iteration:  60000 / 200000 [ 30%]  (Warmup)
Iteration:  80000 / 200000 [ 40%]  (Warmup)
Iteration: 100000 / 200000 [ 50%]  (Warmup)
Iteration: 100001 / 200000 [ 50%]  (Sampling)
Iteration: 120000 / 200000 [ 60%]  (Sampling)
Iteration: 140000 / 200000 [ 70%]  (Sampling)
Iteration: 160000 / 200000 [ 80%]  (Sampling)
Iteration: 180000 / 200000 [ 90%]  (Sampling)
Iteration: 200000 / 200000 [100%]  (Sampling)

 Elapsed Time: 827.24 seconds (Warm-up)
               911.06 seconds (Sampling)
               1738.3 seconds (Total)

[1] "Iteration 12 times used: 1738.3"

SAMPLING FOR MODEL 'baseball_simper' NOW (CHAIN 1).

Gradient evaluation took 0 seconds
1000 transitions using 10 leapfrog steps per transition would take 0 seconds.
Adjust your expectations accordingly!


Iteration:      1 / 200000 [  0%]  (Warmup)
Iteration:  20000 / 200000 [ 10%]  (Warmup)
Iteration:  40000 / 200000 [ 20%]  (Warmup)
Iteration:  60000 / 200000 [ 30%]  (Warmup)
Iteration:  80000 / 200000 [ 40%]  (Warmup)
Iteration: 100000 / 200000 [ 50%]  (Warmup)
Iteration: 100001 / 200000 [ 50%]  (Sampling)
Iteration: 120000 / 200000 [ 60%]  (Sampling)
Iteration: 140000 / 200000 [ 70%]  (Sampling)
Iteration: 160000 / 200000 [ 80%]  (Sampling)
Iteration: 180000 / 200000 [ 90%]  (Sampling)
Iteration: 200000 / 200000 [100%]  (Sampling)

 Elapsed Time: 761.14 seconds (Warm-up)
               1007.95 seconds (Sampling)
               1769.09 seconds (Total)

[1] "Iteration 13 times used: 1769.09"

SAMPLING FOR MODEL 'baseball_simper' NOW (CHAIN 1).

Gradient evaluation took 0 seconds
1000 transitions using 10 leapfrog steps per transition would take 0 seconds.
Adjust your expectations accordingly!


Iteration:      1 / 200000 [  0%]  (Warmup)
Iteration:  20000 / 200000 [ 10%]  (Warmup)
Iteration:  40000 / 200000 [ 20%]  (Warmup)
Iteration:  60000 / 200000 [ 30%]  (Warmup)
Iteration:  80000 / 200000 [ 40%]  (Warmup)
Iteration: 100000 / 200000 [ 50%]  (Warmup)
Iteration: 100001 / 200000 [ 50%]  (Sampling)
Iteration: 120000 / 200000 [ 60%]  (Sampling)
Iteration: 140000 / 200000 [ 70%]  (Sampling)
Iteration: 160000 / 200000 [ 80%]  (Sampling)
Iteration: 180000 / 200000 [ 90%]  (Sampling)
Iteration: 200000 / 200000 [100%]  (Sampling)

 Elapsed Time: 756.88 seconds (Warm-up)
               1282.1 seconds (Sampling)
               2038.98 seconds (Total)

[1] "Iteration 14 times used: 2038.98"

SAMPLING FOR MODEL 'baseball_simper' NOW (CHAIN 1).

Gradient evaluation took 0 seconds
1000 transitions using 10 leapfrog steps per transition would take 0 seconds.
Adjust your expectations accordingly!


Iteration:      1 / 200000 [  0%]  (Warmup)
Iteration:  20000 / 200000 [ 10%]  (Warmup)
Iteration:  40000 / 200000 [ 20%]  (Warmup)
Iteration:  60000 / 200000 [ 30%]  (Warmup)
Iteration:  80000 / 200000 [ 40%]  (Warmup)
Iteration: 100000 / 200000 [ 50%]  (Warmup)
Iteration: 100001 / 200000 [ 50%]  (Sampling)
Iteration: 120000 / 200000 [ 60%]  (Sampling)
Iteration: 140000 / 200000 [ 70%]  (Sampling)
Iteration: 160000 / 200000 [ 80%]  (Sampling)
Iteration: 180000 / 200000 [ 90%]  (Sampling)
Iteration: 200000 / 200000 [100%]  (Sampling)

 Elapsed Time: 717.42 seconds (Warm-up)
               2079.34 seconds (Sampling)
               2796.76 seconds (Total)

[1] "Iteration 15 times used: 2796.76"

SAMPLING FOR MODEL 'baseball_simper' NOW (CHAIN 1).

Gradient evaluation took 0 seconds
1000 transitions using 10 leapfrog steps per transition would take 0 seconds.
Adjust your expectations accordingly!


Iteration:      1 / 200000 [  0%]  (Warmup)
Iteration:  20000 / 200000 [ 10%]  (Warmup)
Iteration:  40000 / 200000 [ 20%]  (Warmup)
Iteration:  60000 / 200000 [ 30%]  (Warmup)
Iteration:  80000 / 200000 [ 40%]  (Warmup)
Iteration: 100000 / 200000 [ 50%]  (Warmup)
Iteration: 100001 / 200000 [ 50%]  (Sampling)
Iteration: 120000 / 200000 [ 60%]  (Sampling)
Iteration: 140000 / 200000 [ 70%]  (Sampling)
Iteration: 160000 / 200000 [ 80%]  (Sampling)
Iteration: 180000 / 200000 [ 90%]  (Sampling)
Iteration: 200000 / 200000 [100%]  (Sampling)

 Elapsed Time: 808.93 seconds (Warm-up)
               883.7 seconds (Sampling)
               1692.63 seconds (Total)

[1] "Iteration 16 times used: 1692.63"

SAMPLING FOR MODEL 'baseball_simper' NOW (CHAIN 1).

Gradient evaluation took 0 seconds
1000 transitions using 10 leapfrog steps per transition would take 0 seconds.
Adjust your expectations accordingly!


Iteration:      1 / 200000 [  0%]  (Warmup)
Iteration:  20000 / 200000 [ 10%]  (Warmup)
Iteration:  40000 / 200000 [ 20%]  (Warmup)
Iteration:  60000 / 200000 [ 30%]  (Warmup)
Iteration:  80000 / 200000 [ 40%]  (Warmup)
Iteration: 100000 / 200000 [ 50%]  (Warmup)
Iteration: 100001 / 200000 [ 50%]  (Sampling)
Iteration: 120000 / 200000 [ 60%]  (Sampling)
Iteration: 140000 / 200000 [ 70%]  (Sampling)
Iteration: 160000 / 200000 [ 80%]  (Sampling)
Iteration: 180000 / 200000 [ 90%]  (Sampling)
Iteration: 200000 / 200000 [100%]  (Sampling)

 Elapsed Time: 823.53 seconds (Warm-up)
               937.44 seconds (Sampling)
               1760.97 seconds (Total)

[1] "Iteration 17 times used: 1760.97"

SAMPLING FOR MODEL 'baseball_simper' NOW (CHAIN 1).

Gradient evaluation took 0.01 seconds
1000 transitions using 10 leapfrog steps per transition would take 100 seconds.
Adjust your expectations accordingly!


Iteration:      1 / 200000 [  0%]  (Warmup)
Iteration:  20000 / 200000 [ 10%]  (Warmup)
Iteration:  40000 / 200000 [ 20%]  (Warmup)
Iteration:  60000 / 200000 [ 30%]  (Warmup)
Iteration:  80000 / 200000 [ 40%]  (Warmup)
Iteration: 100000 / 200000 [ 50%]  (Warmup)
Iteration: 100001 / 200000 [ 50%]  (Sampling)
Iteration: 120000 / 200000 [ 60%]  (Sampling)
Iteration: 140000 / 200000 [ 70%]  (Sampling)
Iteration: 160000 / 200000 [ 80%]  (Sampling)
Iteration: 180000 / 200000 [ 90%]  (Sampling)
Iteration: 200000 / 200000 [100%]  (Sampling)

 Elapsed Time: 692.99 seconds (Warm-up)
               1370.07 seconds (Sampling)
               2063.06 seconds (Total)

[1] "Iteration 18 times used: 2063.06"

SAMPLING FOR MODEL 'baseball_simper' NOW (CHAIN 1).

Gradient evaluation took 0 seconds
1000 transitions using 10 leapfrog steps per transition would take 0 seconds.
Adjust your expectations accordingly!


Iteration:      1 / 200000 [  0%]  (Warmup)
Iteration:  20000 / 200000 [ 10%]  (Warmup)
Iteration:  40000 / 200000 [ 20%]  (Warmup)
Iteration:  60000 / 200000 [ 30%]  (Warmup)
Iteration:  80000 / 200000 [ 40%]  (Warmup)
Iteration: 100000 / 200000 [ 50%]  (Warmup)
Iteration: 100001 / 200000 [ 50%]  (Sampling)
Iteration: 120000 / 200000 [ 60%]  (Sampling)
Iteration: 140000 / 200000 [ 70%]  (Sampling)
Iteration: 160000 / 200000 [ 80%]  (Sampling)
Iteration: 180000 / 200000 [ 90%]  (Sampling)
Iteration: 200000 / 200000 [100%]  (Sampling)

 Elapsed Time: 824.38 seconds (Warm-up)
               719.11 seconds (Sampling)
               1543.49 seconds (Total)

[1] "Iteration 19 times used: 1543.49"

SAMPLING FOR MODEL 'baseball_simper' NOW (CHAIN 1).

Gradient evaluation took 0 seconds
1000 transitions using 10 leapfrog steps per transition would take 0 seconds.
Adjust your expectations accordingly!


Iteration:      1 / 200000 [  0%]  (Warmup)
Iteration:  20000 / 200000 [ 10%]  (Warmup)
Iteration:  40000 / 200000 [ 20%]  (Warmup)
Iteration:  60000 / 200000 [ 30%]  (Warmup)
Iteration:  80000 / 200000 [ 40%]  (Warmup)
Iteration: 100000 / 200000 [ 50%]  (Warmup)
Iteration: 100001 / 200000 [ 50%]  (Sampling)
Iteration: 120000 / 200000 [ 60%]  (Sampling)
Iteration: 140000 / 200000 [ 70%]  (Sampling)
Iteration: 160000 / 200000 [ 80%]  (Sampling)
Iteration: 180000 / 200000 [ 90%]  (Sampling)
Iteration: 200000 / 200000 [100%]  (Sampling)

 Elapsed Time: 794.57 seconds (Warm-up)
               1349.16 seconds (Sampling)
               2143.73 seconds (Total)

[1] "Iteration 20 times used: 2143.73"

SAMPLING FOR MODEL 'baseball_simper' NOW (CHAIN 1).

Gradient evaluation took 0 seconds
1000 transitions using 10 leapfrog steps per transition would take 0 seconds.
Adjust your expectations accordingly!


Iteration:      1 / 200000 [  0%]  (Warmup)
Iteration:  20000 / 200000 [ 10%]  (Warmup)
Iteration:  40000 / 200000 [ 20%]  (Warmup)
Iteration:  60000 / 200000 [ 30%]  (Warmup)
Iteration:  80000 / 200000 [ 40%]  (Warmup)
Iteration: 100000 / 200000 [ 50%]  (Warmup)
Iteration: 100001 / 200000 [ 50%]  (Sampling)
Iteration: 120000 / 200000 [ 60%]  (Sampling)
Iteration: 140000 / 200000 [ 70%]  (Sampling)
Iteration: 160000 / 200000 [ 80%]  (Sampling)
Iteration: 180000 / 200000 [ 90%]  (Sampling)
Iteration: 200000 / 200000 [100%]  (Sampling)

 Elapsed Time: 857.06 seconds (Warm-up)
               706.95 seconds (Sampling)
               1564.01 seconds (Total)

[1] "Iteration 21 times used: 1564.01"

SAMPLING FOR MODEL 'baseball_simper' NOW (CHAIN 1).

Gradient evaluation took 0 seconds
1000 transitions using 10 leapfrog steps per transition would take 0 seconds.
Adjust your expectations accordingly!


Iteration:      1 / 200000 [  0%]  (Warmup)
Iteration:  20000 / 200000 [ 10%]  (Warmup)
Iteration:  40000 / 200000 [ 20%]  (Warmup)
Iteration:  60000 / 200000 [ 30%]  (Warmup)
Iteration:  80000 / 200000 [ 40%]  (Warmup)
Iteration: 100000 / 200000 [ 50%]  (Warmup)
Iteration: 100001 / 200000 [ 50%]  (Sampling)
Iteration: 120000 / 200000 [ 60%]  (Sampling)
Iteration: 140000 / 200000 [ 70%]  (Sampling)
Iteration: 160000 / 200000 [ 80%]  (Sampling)
Iteration: 180000 / 200000 [ 90%]  (Sampling)
Iteration: 200000 / 200000 [100%]  (Sampling)

 Elapsed Time: 903.49 seconds (Warm-up)
               731.89 seconds (Sampling)
               1635.38 seconds (Total)

[1] "Iteration 22 times used: 1635.38"

SAMPLING FOR MODEL 'baseball_simper' NOW (CHAIN 1).

Gradient evaluation took 0 seconds
1000 transitions using 10 leapfrog steps per transition would take 0 seconds.
Adjust your expectations accordingly!


Iteration:      1 / 200000 [  0%]  (Warmup)
Iteration:  20000 / 200000 [ 10%]  (Warmup)
Iteration:  40000 / 200000 [ 20%]  (Warmup)
Iteration:  60000 / 200000 [ 30%]  (Warmup)
Iteration:  80000 / 200000 [ 40%]  (Warmup)
Iteration: 100000 / 200000 [ 50%]  (Warmup)
Iteration: 100001 / 200000 [ 50%]  (Sampling)
Iteration: 120000 / 200000 [ 60%]  (Sampling)
Iteration: 140000 / 200000 [ 70%]  (Sampling)
Iteration: 160000 / 200000 [ 80%]  (Sampling)
Iteration: 180000 / 200000 [ 90%]  (Sampling)
Iteration: 200000 / 200000 [100%]  (Sampling)

 Elapsed Time: 743.48 seconds (Warm-up)
               569.08 seconds (Sampling)
               1312.56 seconds (Total)

[1] "Iteration 23 times used: 1312.56"

SAMPLING FOR MODEL 'baseball_simper' NOW (CHAIN 1).

Gradient evaluation took 0 seconds
1000 transitions using 10 leapfrog steps per transition would take 0 seconds.
Adjust your expectations accordingly!


Iteration:      1 / 200000 [  0%]  (Warmup)
Iteration:  20000 / 200000 [ 10%]  (Warmup)
Iteration:  40000 / 200000 [ 20%]  (Warmup)
Iteration:  60000 / 200000 [ 30%]  (Warmup)
Iteration:  80000 / 200000 [ 40%]  (Warmup)
Iteration: 100000 / 200000 [ 50%]  (Warmup)
Iteration: 100001 / 200000 [ 50%]  (Sampling)
Iteration: 120000 / 200000 [ 60%]  (Sampling)
Iteration: 140000 / 200000 [ 70%]  (Sampling)
Iteration: 160000 / 200000 [ 80%]  (Sampling)
Iteration: 180000 / 200000 [ 90%]  (Sampling)
Iteration: 200000 / 200000 [100%]  (Sampling)

 Elapsed Time: 747.72 seconds (Warm-up)
               468.93 seconds (Sampling)
               1216.65 seconds (Total)

[1] "Iteration 24 times used: 1216.65"

SAMPLING FOR MODEL 'baseball_simper' NOW (CHAIN 1).

Gradient evaluation took 0.01 seconds
1000 transitions using 10 leapfrog steps per transition would take 100 seconds.
Adjust your expectations accordingly!


Iteration:      1 / 200000 [  0%]  (Warmup)
Iteration:  20000 / 200000 [ 10%]  (Warmup)
Iteration:  40000 / 200000 [ 20%]  (Warmup)
Iteration:  60000 / 200000 [ 30%]  (Warmup)
Iteration:  80000 / 200000 [ 40%]  (Warmup)
Iteration: 100000 / 200000 [ 50%]  (Warmup)
Iteration: 100001 / 200000 [ 50%]  (Sampling)
Iteration: 120000 / 200000 [ 60%]  (Sampling)
Iteration: 140000 / 200000 [ 70%]  (Sampling)
Iteration: 160000 / 200000 [ 80%]  (Sampling)
Iteration: 180000 / 200000 [ 90%]  (Sampling)
Iteration: 200000 / 200000 [100%]  (Sampling)

 Elapsed Time: 825.02 seconds (Warm-up)
               4664.54 seconds (Sampling)
               5489.56 seconds (Total)

[1] "Iteration 25 times used: 5489.56"

SAMPLING FOR MODEL 'baseball_simper' NOW (CHAIN 1).

Gradient evaluation took 0 seconds
1000 transitions using 10 leapfrog steps per transition would take 0 seconds.
Adjust your expectations accordingly!


Iteration:      1 / 200000 [  0%]  (Warmup)
Iteration:  20000 / 200000 [ 10%]  (Warmup)
Iteration:  40000 / 200000 [ 20%]  (Warmup)
Iteration:  60000 / 200000 [ 30%]  (Warmup)
Iteration:  80000 / 200000 [ 40%]  (Warmup)
Iteration: 100000 / 200000 [ 50%]  (Warmup)
Iteration: 100001 / 200000 [ 50%]  (Sampling)
Iteration: 120000 / 200000 [ 60%]  (Sampling)
Iteration: 140000 / 200000 [ 70%]  (Sampling)
Iteration: 160000 / 200000 [ 80%]  (Sampling)
Iteration: 180000 / 200000 [ 90%]  (Sampling)
Iteration: 200000 / 200000 [100%]  (Sampling)

 Elapsed Time: 778.52 seconds (Warm-up)
               554.73 seconds (Sampling)
               1333.25 seconds (Total)

[1] "Iteration 26 times used: 1333.25"

SAMPLING FOR MODEL 'baseball_simper' NOW (CHAIN 1).

Gradient evaluation took 0 seconds
1000 transitions using 10 leapfrog steps per transition would take 0 seconds.
Adjust your expectations accordingly!


Iteration:      1 / 200000 [  0%]  (Warmup)
Iteration:  20000 / 200000 [ 10%]  (Warmup)
Iteration:  40000 / 200000 [ 20%]  (Warmup)
Iteration:  60000 / 200000 [ 30%]  (Warmup)
Iteration:  80000 / 200000 [ 40%]  (Warmup)
Iteration: 100000 / 200000 [ 50%]  (Warmup)
Iteration: 100001 / 200000 [ 50%]  (Sampling)
Iteration: 120000 / 200000 [ 60%]  (Sampling)
Iteration: 140000 / 200000 [ 70%]  (Sampling)
Iteration: 160000 / 200000 [ 80%]  (Sampling)
Iteration: 180000 / 200000 [ 90%]  (Sampling)
Iteration: 200000 / 200000 [100%]  (Sampling)

 Elapsed Time: 817.27 seconds (Warm-up)
               554.63 seconds (Sampling)
               1371.9 seconds (Total)

[1] "Iteration 27 times used: 1371.9"

SAMPLING FOR MODEL 'baseball_simper' NOW (CHAIN 1).

Gradient evaluation took 0 seconds
1000 transitions using 10 leapfrog steps per transition would take 0 seconds.
Adjust your expectations accordingly!


Iteration:      1 / 200000 [  0%]  (Warmup)
Iteration:  20000 / 200000 [ 10%]  (Warmup)
Iteration:  40000 / 200000 [ 20%]  (Warmup)
Iteration:  60000 / 200000 [ 30%]  (Warmup)
Iteration:  80000 / 200000 [ 40%]  (Warmup)
Iteration: 100000 / 200000 [ 50%]  (Warmup)
Iteration: 100001 / 200000 [ 50%]  (Sampling)
Iteration: 120000 / 200000 [ 60%]  (Sampling)
Iteration: 140000 / 200000 [ 70%]  (Sampling)
Iteration: 160000 / 200000 [ 80%]  (Sampling)
Iteration: 180000 / 200000 [ 90%]  (Sampling)
Iteration: 200000 / 200000 [100%]  (Sampling)

 Elapsed Time: 751.98 seconds (Warm-up)
               1820.28 seconds (Sampling)
               2572.26 seconds (Total)

[1] "Iteration 28 times used: 2572.26"

SAMPLING FOR MODEL 'baseball_simper' NOW (CHAIN 1).

Gradient evaluation took 0 seconds
1000 transitions using 10 leapfrog steps per transition would take 0 seconds.
Adjust your expectations accordingly!


Iteration:      1 / 200000 [  0%]  (Warmup)
Iteration:  20000 / 200000 [ 10%]  (Warmup)
Iteration:  40000 / 200000 [ 20%]  (Warmup)
Iteration:  60000 / 200000 [ 30%]  (Warmup)
Iteration:  80000 / 200000 [ 40%]  (Warmup)
Iteration: 100000 / 200000 [ 50%]  (Warmup)
Iteration: 100001 / 200000 [ 50%]  (Sampling)
Iteration: 120000 / 200000 [ 60%]  (Sampling)
Iteration: 140000 / 200000 [ 70%]  (Sampling)
Iteration: 160000 / 200000 [ 80%]  (Sampling)
Iteration: 180000 / 200000 [ 90%]  (Sampling)
Iteration: 200000 / 200000 [100%]  (Sampling)

 Elapsed Time: 890.64 seconds (Warm-up)
               1873.12 seconds (Sampling)
               2763.76 seconds (Total)

[1] "Iteration 29 times used: 2763.76"

SAMPLING FOR MODEL 'baseball_simper' NOW (CHAIN 1).

Gradient evaluation took 0 seconds
1000 transitions using 10 leapfrog steps per transition would take 0 seconds.
Adjust your expectations accordingly!


Iteration:      1 / 200000 [  0%]  (Warmup)
Iteration:  20000 / 200000 [ 10%]  (Warmup)
Iteration:  40000 / 200000 [ 20%]  (Warmup)
Iteration:  60000 / 200000 [ 30%]  (Warmup)
Iteration:  80000 / 200000 [ 40%]  (Warmup)
Iteration: 100000 / 200000 [ 50%]  (Warmup)
Iteration: 100001 / 200000 [ 50%]  (Sampling)
Iteration: 120000 / 200000 [ 60%]  (Sampling)
Iteration: 140000 / 200000 [ 70%]  (Sampling)
Iteration: 160000 / 200000 [ 80%]  (Sampling)
Iteration: 180000 / 200000 [ 90%]  (Sampling)
Iteration: 200000 / 200000 [100%]  (Sampling)

 Elapsed Time: 666.64 seconds (Warm-up)
               522.7 seconds (Sampling)
               1189.34 seconds (Total)

[1] "Iteration 30 times used: 1189.34"

SAMPLING FOR MODEL 'baseball_simper' NOW (CHAIN 1).

Gradient evaluation took 0 seconds
1000 transitions using 10 leapfrog steps per transition would take 0 seconds.
Adjust your expectations accordingly!


Iteration:      1 / 200000 [  0%]  (Warmup)
Iteration:  20000 / 200000 [ 10%]  (Warmup)
Iteration:  40000 / 200000 [ 20%]  (Warmup)
Iteration:  60000 / 200000 [ 30%]  (Warmup)
Iteration:  80000 / 200000 [ 40%]  (Warmup)
Iteration: 100000 / 200000 [ 50%]  (Warmup)
Iteration: 100001 / 200000 [ 50%]  (Sampling)
Iteration: 120000 / 200000 [ 60%]  (Sampling)
Iteration: 140000 / 200000 [ 70%]  (Sampling)
Iteration: 160000 / 200000 [ 80%]  (Sampling)
Iteration: 180000 / 200000 [ 90%]  (Sampling)
Iteration: 200000 / 200000 [100%]  (Sampling)

 Elapsed Time: 790.21 seconds (Warm-up)
               5345.46 seconds (Sampling)
               6135.67 seconds (Total)

[1] "Iteration 31 times used: 6135.67"

SAMPLING FOR MODEL 'baseball_simper' NOW (CHAIN 1).

Gradient evaluation took 0 seconds
1000 transitions using 10 leapfrog steps per transition would take 0 seconds.
Adjust your expectations accordingly!


Iteration:      1 / 200000 [  0%]  (Warmup)
Iteration:  20000 / 200000 [ 10%]  (Warmup)
Iteration:  40000 / 200000 [ 20%]  (Warmup)
Iteration:  60000 / 200000 [ 30%]  (Warmup)
Iteration:  80000 / 200000 [ 40%]  (Warmup)
Iteration: 100000 / 200000 [ 50%]  (Warmup)
Iteration: 100001 / 200000 [ 50%]  (Sampling)
Iteration: 120000 / 200000 [ 60%]  (Sampling)
Iteration: 140000 / 200000 [ 70%]  (Sampling)
Iteration: 160000 / 200000 [ 80%]  (Sampling)
Iteration: 180000 / 200000 [ 90%]  (Sampling)
Iteration: 200000 / 200000 [100%]  (Sampling)

 Elapsed Time: 782.83 seconds (Warm-up)
               1060 seconds (Sampling)
               1842.83 seconds (Total)

[1] "Iteration 32 times used: 1842.83"

SAMPLING FOR MODEL 'baseball_simper' NOW (CHAIN 1).

Gradient evaluation took 0 seconds
1000 transitions using 10 leapfrog steps per transition would take 0 seconds.
Adjust your expectations accordingly!


Iteration:      1 / 200000 [  0%]  (Warmup)
Iteration:  20000 / 200000 [ 10%]  (Warmup)
Iteration:  40000 / 200000 [ 20%]  (Warmup)
Iteration:  60000 / 200000 [ 30%]  (Warmup)
Iteration:  80000 / 200000 [ 40%]  (Warmup)
Iteration: 100000 / 200000 [ 50%]  (Warmup)
Iteration: 100001 / 200000 [ 50%]  (Sampling)
Iteration: 120000 / 200000 [ 60%]  (Sampling)
Iteration: 140000 / 200000 [ 70%]  (Sampling)
Iteration: 160000 / 200000 [ 80%]  (Sampling)
Iteration: 180000 / 200000 [ 90%]  (Sampling)
Iteration: 200000 / 200000 [100%]  (Sampling)

 Elapsed Time: 780.06 seconds (Warm-up)
               1327.76 seconds (Sampling)
               2107.82 seconds (Total)

[1] "Iteration 33 times used: 2107.82"

SAMPLING FOR MODEL 'baseball_simper' NOW (CHAIN 1).

Gradient evaluation took 0 seconds
1000 transitions using 10 leapfrog steps per transition would take 0 seconds.
Adjust your expectations accordingly!


Iteration:      1 / 200000 [  0%]  (Warmup)
Iteration:  20000 / 200000 [ 10%]  (Warmup)
Iteration:  40000 / 200000 [ 20%]  (Warmup)
Iteration:  60000 / 200000 [ 30%]  (Warmup)
Iteration:  80000 / 200000 [ 40%]  (Warmup)
Iteration: 100000 / 200000 [ 50%]  (Warmup)
Iteration: 100001 / 200000 [ 50%]  (Sampling)
Iteration: 120000 / 200000 [ 60%]  (Sampling)
Iteration: 140000 / 200000 [ 70%]  (Sampling)
Iteration: 160000 / 200000 [ 80%]  (Sampling)
Iteration: 180000 / 200000 [ 90%]  (Sampling)
Iteration: 200000 / 200000 [100%]  (Sampling)

 Elapsed Time: 673.98 seconds (Warm-up)
               1127.22 seconds (Sampling)
               1801.2 seconds (Total)

[1] "Iteration 34 times used: 1801.2"

SAMPLING FOR MODEL 'baseball_simper' NOW (CHAIN 1).

Gradient evaluation took 0 seconds
1000 transitions using 10 leapfrog steps per transition would take 0 seconds.
Adjust your expectations accordingly!


Iteration:      1 / 200000 [  0%]  (Warmup)
Iteration:  20000 / 200000 [ 10%]  (Warmup)
Iteration:  40000 / 200000 [ 20%]  (Warmup)
Iteration:  60000 / 200000 [ 30%]  (Warmup)
Iteration:  80000 / 200000 [ 40%]  (Warmup)
Iteration: 100000 / 200000 [ 50%]  (Warmup)
Iteration: 100001 / 200000 [ 50%]  (Sampling)
Iteration: 120000 / 200000 [ 60%]  (Sampling)
Iteration: 140000 / 200000 [ 70%]  (Sampling)
Iteration: 160000 / 200000 [ 80%]  (Sampling)
Iteration: 180000 / 200000 [ 90%]  (Sampling)
Iteration: 200000 / 200000 [100%]  (Sampling)

 Elapsed Time: 743.06 seconds (Warm-up)
               1488.94 seconds (Sampling)
               2232 seconds (Total)

[1] "Iteration 35 times used: 2232"

SAMPLING FOR MODEL 'baseball_simper' NOW (CHAIN 1).

Gradient evaluation took 0 seconds
1000 transitions using 10 leapfrog steps per transition would take 0 seconds.
Adjust your expectations accordingly!


Iteration:      1 / 200000 [  0%]  (Warmup)
