Loading required package: ggplot2
Loading required package: StanHeaders
rstan (Version 2.17.3, GitRev: 2e1f913d3ca3)
For execution on a local, multicore CPU with excess RAM we recommend calling
options(mc.cores = parallel::detectCores()).
To avoid recompilation of unchanged Stan programs, we recommend calling
rstan_options(auto_write = TRUE)
[1] 1 7 4 3 5 2 6 8 9
pp
  1   2   3   4   5   6   7   8   9 
713 112  90  82  84  71 114  68  74 
       pitcher        catcher  first baseman second baseman  third baseman 
         "G_p"          "G_c"         "G_1b"         "G_2b"         "G_3b" 
     shortstop   left fielder center fielder  right fielder 
        "G_ss"         "G_lf"         "G_cf"         "G_rf" 

  1 
335 
       pitcher        catcher  first baseman second baseman  third baseman 
         "G_p"          "G_c"         "G_1b"         "G_2b"         "G_3b" 
     shortstop   left fielder center fielder  right fielder 
        "G_ss"         "G_lf"         "G_cf"         "G_rf" 
[1] 335
In file included from /share/software/user/open/r-rstan/2.17.3/BH/include/boost/config.hpp:39:0,
                 from /share/software/user/open/r-rstan/2.17.3/BH/include/boost/math/tools/config.hpp:13,
                 from /share/software/user/open/r-rstan/2.17.3/StanHeaders/include/stan/math/rev/core/var.hpp:7,
                 from /share/software/user/open/r-rstan/2.17.3/StanHeaders/include/stan/math/rev/core/gevv_vvv_vari.hpp:5,
                 from /share/software/user/open/r-rstan/2.17.3/StanHeaders/include/stan/math/rev/core.hpp:12,
                 from /share/software/user/open/r-rstan/2.17.3/StanHeaders/include/stan/math/rev/mat.hpp:4,
                 from /share/software/user/open/r-rstan/2.17.3/StanHeaders/include/stan/math.hpp:4,
                 from /share/software/user/open/r-rstan/2.17.3/StanHeaders/include/src/stan/model/model_header.hpp:4,
                 from file12e071f401298.cpp:8:
/share/software/user/open/r-rstan/2.17.3/BH/include/boost/config/compiler/gcc.hpp:186:0: warning: "BOOST_NO_CXX11_RVALUE_REFERENCES" redefined [enabled by default]
 #  define BOOST_NO_CXX11_RVALUE_REFERENCES
 ^
<command-line>:0:0: note: this is the location of the previous definition

SAMPLING FOR MODEL 'baseball_simper' NOW (CHAIN 1).

Gradient evaluation took 0 seconds
1000 transitions using 10 leapfrog steps per transition would take 0 seconds.
Adjust your expectations accordingly!


Iteration:      1 / 200000 [  0%]  (Warmup)
Iteration:  20000 / 200000 [ 10%]  (Warmup)
Iteration:  40000 / 200000 [ 20%]  (Warmup)
Iteration:  60000 / 200000 [ 30%]  (Warmup)
Iteration:  80000 / 200000 [ 40%]  (Warmup)
Iteration: 100000 / 200000 [ 50%]  (Warmup)
Iteration: 100001 / 200000 [ 50%]  (Sampling)
Iteration: 120000 / 200000 [ 60%]  (Sampling)
Iteration: 140000 / 200000 [ 70%]  (Sampling)
Iteration: 160000 / 200000 [ 80%]  (Sampling)
Iteration: 180000 / 200000 [ 90%]  (Sampling)
Iteration: 200000 / 200000 [100%]  (Sampling)

 Elapsed Time: 911.15 seconds (Warm-up)
               1847.82 seconds (Sampling)
               2758.97 seconds (Total)

[1] "Iteration 1 times used: 2758.97"

SAMPLING FOR MODEL 'baseball_simper' NOW (CHAIN 1).

Gradient evaluation took 0 seconds
1000 transitions using 10 leapfrog steps per transition would take 0 seconds.
Adjust your expectations accordingly!


Iteration:      1 / 200000 [  0%]  (Warmup)
Iteration:  20000 / 200000 [ 10%]  (Warmup)
Iteration:  40000 / 200000 [ 20%]  (Warmup)
Iteration:  60000 / 200000 [ 30%]  (Warmup)
Iteration:  80000 / 200000 [ 40%]  (Warmup)
Iteration: 100000 / 200000 [ 50%]  (Warmup)
Iteration: 100001 / 200000 [ 50%]  (Sampling)
Iteration: 120000 / 200000 [ 60%]  (Sampling)
Iteration: 140000 / 200000 [ 70%]  (Sampling)
Iteration: 160000 / 200000 [ 80%]  (Sampling)
Iteration: 180000 / 200000 [ 90%]  (Sampling)
Iteration: 200000 / 200000 [100%]  (Sampling)

 Elapsed Time: 867.48 seconds (Warm-up)
               1266.3 seconds (Sampling)
               2133.78 seconds (Total)

[1] "Iteration 2 times used: 2133.78"

SAMPLING FOR MODEL 'baseball_simper' NOW (CHAIN 1).

Gradient evaluation took 0 seconds
1000 transitions using 10 leapfrog steps per transition would take 0 seconds.
Adjust your expectations accordingly!


Iteration:      1 / 200000 [  0%]  (Warmup)
Iteration:  20000 / 200000 [ 10%]  (Warmup)
Iteration:  40000 / 200000 [ 20%]  (Warmup)
Iteration:  60000 / 200000 [ 30%]  (Warmup)
Iteration:  80000 / 200000 [ 40%]  (Warmup)
Iteration: 100000 / 200000 [ 50%]  (Warmup)
Iteration: 100001 / 200000 [ 50%]  (Sampling)
Iteration: 120000 / 200000 [ 60%]  (Sampling)
Iteration: 140000 / 200000 [ 70%]  (Sampling)
Iteration: 160000 / 200000 [ 80%]  (Sampling)
Iteration: 180000 / 200000 [ 90%]  (Sampling)
Iteration: 200000 / 200000 [100%]  (Sampling)

 Elapsed Time: 808.08 seconds (Warm-up)
               482.8 seconds (Sampling)
               1290.88 seconds (Total)

[1] "Iteration 3 times used: 1290.88"

SAMPLING FOR MODEL 'baseball_simper' NOW (CHAIN 1).

Gradient evaluation took 0 seconds
1000 transitions using 10 leapfrog steps per transition would take 0 seconds.
Adjust your expectations accordingly!


Iteration:      1 / 200000 [  0%]  (Warmup)
Iteration:  20000 / 200000 [ 10%]  (Warmup)
Iteration:  40000 / 200000 [ 20%]  (Warmup)
Iteration:  60000 / 200000 [ 30%]  (Warmup)
Iteration:  80000 / 200000 [ 40%]  (Warmup)
Iteration: 100000 / 200000 [ 50%]  (Warmup)
Iteration: 100001 / 200000 [ 50%]  (Sampling)
Iteration: 120000 / 200000 [ 60%]  (Sampling)
Iteration: 140000 / 200000 [ 70%]  (Sampling)
Iteration: 160000 / 200000 [ 80%]  (Sampling)
Iteration: 180000 / 200000 [ 90%]  (Sampling)
Iteration: 200000 / 200000 [100%]  (Sampling)

 Elapsed Time: 858.75 seconds (Warm-up)
               652.53 seconds (Sampling)
               1511.28 seconds (Total)

[1] "Iteration 4 times used: 1511.28"

SAMPLING FOR MODEL 'baseball_simper' NOW (CHAIN 1).

Gradient evaluation took 0 seconds
1000 transitions using 10 leapfrog steps per transition would take 0 seconds.
Adjust your expectations accordingly!


Iteration:      1 / 200000 [  0%]  (Warmup)
Iteration:  20000 / 200000 [ 10%]  (Warmup)
Iteration:  40000 / 200000 [ 20%]  (Warmup)
Iteration:  60000 / 200000 [ 30%]  (Warmup)
Iteration:  80000 / 200000 [ 40%]  (Warmup)
Iteration: 100000 / 200000 [ 50%]  (Warmup)
Iteration: 100001 / 200000 [ 50%]  (Sampling)
Iteration: 120000 / 200000 [ 60%]  (Sampling)
Iteration: 140000 / 200000 [ 70%]  (Sampling)
Iteration: 160000 / 200000 [ 80%]  (Sampling)
Iteration: 180000 / 200000 [ 90%]  (Sampling)
Iteration: 200000 / 200000 [100%]  (Sampling)

 Elapsed Time: 907.47 seconds (Warm-up)
               1536.44 seconds (Sampling)
               2443.91 seconds (Total)

[1] "Iteration 5 times used: 2443.91"

SAMPLING FOR MODEL 'baseball_simper' NOW (CHAIN 1).

Gradient evaluation took 0 seconds
1000 transitions using 10 leapfrog steps per transition would take 0 seconds.
Adjust your expectations accordingly!


Iteration:      1 / 200000 [  0%]  (Warmup)
Iteration:  20000 / 200000 [ 10%]  (Warmup)
Iteration:  40000 / 200000 [ 20%]  (Warmup)
Iteration:  60000 / 200000 [ 30%]  (Warmup)
Iteration:  80000 / 200000 [ 40%]  (Warmup)
Iteration: 100000 / 200000 [ 50%]  (Warmup)
Iteration: 100001 / 200000 [ 50%]  (Sampling)
Iteration: 120000 / 200000 [ 60%]  (Sampling)
Iteration: 140000 / 200000 [ 70%]  (Sampling)
Iteration: 160000 / 200000 [ 80%]  (Sampling)
Iteration: 180000 / 200000 [ 90%]  (Sampling)
Iteration: 200000 / 200000 [100%]  (Sampling)

 Elapsed Time: 901.16 seconds (Warm-up)
               603.85 seconds (Sampling)
               1505.01 seconds (Total)

[1] "Iteration 6 times used: 1505.01"

SAMPLING FOR MODEL 'baseball_simper' NOW (CHAIN 1).

Gradient evaluation took 0 seconds
1000 transitions using 10 leapfrog steps per transition would take 0 seconds.
Adjust your expectations accordingly!


Iteration:      1 / 200000 [  0%]  (Warmup)
Iteration:  20000 / 200000 [ 10%]  (Warmup)
Iteration:  40000 / 200000 [ 20%]  (Warmup)
Iteration:  60000 / 200000 [ 30%]  (Warmup)
Iteration:  80000 / 200000 [ 40%]  (Warmup)
Iteration: 100000 / 200000 [ 50%]  (Warmup)
Iteration: 100001 / 200000 [ 50%]  (Sampling)
Iteration: 120000 / 200000 [ 60%]  (Sampling)
Iteration: 140000 / 200000 [ 70%]  (Sampling)
Iteration: 160000 / 200000 [ 80%]  (Sampling)
Iteration: 180000 / 200000 [ 90%]  (Sampling)
Iteration: 200000 / 200000 [100%]  (Sampling)

 Elapsed Time: 860.81 seconds (Warm-up)
               469.14 seconds (Sampling)
               1329.95 seconds (Total)

[1] "Iteration 7 times used: 1329.95"

SAMPLING FOR MODEL 'baseball_simper' NOW (CHAIN 1).

Gradient evaluation took 0 seconds
1000 transitions using 10 leapfrog steps per transition would take 0 seconds.
Adjust your expectations accordingly!


Iteration:      1 / 200000 [  0%]  (Warmup)
Iteration:  20000 / 200000 [ 10%]  (Warmup)
Iteration:  40000 / 200000 [ 20%]  (Warmup)
Iteration:  60000 / 200000 [ 30%]  (Warmup)
Iteration:  80000 / 200000 [ 40%]  (Warmup)
Iteration: 100000 / 200000 [ 50%]  (Warmup)
Iteration: 100001 / 200000 [ 50%]  (Sampling)
Iteration: 120000 / 200000 [ 60%]  (Sampling)
Iteration: 140000 / 200000 [ 70%]  (Sampling)
Iteration: 160000 / 200000 [ 80%]  (Sampling)
Iteration: 180000 / 200000 [ 90%]  (Sampling)
Iteration: 200000 / 200000 [100%]  (Sampling)

 Elapsed Time: 910.32 seconds (Warm-up)
               1543.12 seconds (Sampling)
               2453.44 seconds (Total)

[1] "Iteration 8 times used: 2453.44"

SAMPLING FOR MODEL 'baseball_simper' NOW (CHAIN 1).

Gradient evaluation took 0 seconds
1000 transitions using 10 leapfrog steps per transition would take 0 seconds.
Adjust your expectations accordingly!


Iteration:      1 / 200000 [  0%]  (Warmup)
Iteration:  20000 / 200000 [ 10%]  (Warmup)
Iteration:  40000 / 200000 [ 20%]  (Warmup)
Iteration:  60000 / 200000 [ 30%]  (Warmup)
Iteration:  80000 / 200000 [ 40%]  (Warmup)
Iteration: 100000 / 200000 [ 50%]  (Warmup)
Iteration: 100001 / 200000 [ 50%]  (Sampling)
Iteration: 120000 / 200000 [ 60%]  (Sampling)
Iteration: 140000 / 200000 [ 70%]  (Sampling)
Iteration: 160000 / 200000 [ 80%]  (Sampling)
Iteration: 180000 / 200000 [ 90%]  (Sampling)
Iteration: 200000 / 200000 [100%]  (Sampling)

 Elapsed Time: 865.34 seconds (Warm-up)
               644.11 seconds (Sampling)
               1509.45 seconds (Total)

[1] "Iteration 9 times used: 1509.45"

SAMPLING FOR MODEL 'baseball_simper' NOW (CHAIN 1).

Gradient evaluation took 0 seconds
1000 transitions using 10 leapfrog steps per transition would take 0 seconds.
Adjust your expectations accordingly!


Iteration:      1 / 200000 [  0%]  (Warmup)
Iteration:  20000 / 200000 [ 10%]  (Warmup)
Iteration:  40000 / 200000 [ 20%]  (Warmup)
Iteration:  60000 / 200000 [ 30%]  (Warmup)
Iteration:  80000 / 200000 [ 40%]  (Warmup)
Iteration: 100000 / 200000 [ 50%]  (Warmup)
Iteration: 100001 / 200000 [ 50%]  (Sampling)
Iteration: 120000 / 200000 [ 60%]  (Sampling)
Iteration: 140000 / 200000 [ 70%]  (Sampling)
Iteration: 160000 / 200000 [ 80%]  (Sampling)
Iteration: 180000 / 200000 [ 90%]  (Sampling)
Iteration: 200000 / 200000 [100%]  (Sampling)

 Elapsed Time: 830.51 seconds (Warm-up)
               595.75 seconds (Sampling)
               1426.26 seconds (Total)

[1] "Iteration 10 times used: 1426.26"

SAMPLING FOR MODEL 'baseball_simper' NOW (CHAIN 1).

Gradient evaluation took 0 seconds
1000 transitions using 10 leapfrog steps per transition would take 0 seconds.
Adjust your expectations accordingly!


Iteration:      1 / 200000 [  0%]  (Warmup)
Iteration:  20000 / 200000 [ 10%]  (Warmup)
Iteration:  40000 / 200000 [ 20%]  (Warmup)
Iteration:  60000 / 200000 [ 30%]  (Warmup)
Iteration:  80000 / 200000 [ 40%]  (Warmup)
Iteration: 100000 / 200000 [ 50%]  (Warmup)
Iteration: 100001 / 200000 [ 50%]  (Sampling)
Iteration: 120000 / 200000 [ 60%]  (Sampling)
Iteration: 140000 / 200000 [ 70%]  (Sampling)
Iteration: 160000 / 200000 [ 80%]  (Sampling)
Iteration: 180000 / 200000 [ 90%]  (Sampling)
Iteration: 200000 / 200000 [100%]  (Sampling)

 Elapsed Time: 816.51 seconds (Warm-up)
               1207.58 seconds (Sampling)
               2024.09 seconds (Total)

[1] "Iteration 11 times used: 2024.09"

SAMPLING FOR MODEL 'baseball_simper' NOW (CHAIN 1).

Gradient evaluation took 0 seconds
1000 transitions using 10 leapfrog steps per transition would take 0 seconds.
Adjust your expectations accordingly!


Iteration:      1 / 200000 [  0%]  (Warmup)
Iteration:  20000 / 200000 [ 10%]  (Warmup)
Iteration:  40000 / 200000 [ 20%]  (Warmup)
Iteration:  60000 / 200000 [ 30%]  (Warmup)
Iteration:  80000 / 200000 [ 40%]  (Warmup)
Iteration: 100000 / 200000 [ 50%]  (Warmup)
Iteration: 100001 / 200000 [ 50%]  (Sampling)
Iteration: 120000 / 200000 [ 60%]  (Sampling)
Iteration: 140000 / 200000 [ 70%]  (Sampling)
Iteration: 160000 / 200000 [ 80%]  (Sampling)
Iteration: 180000 / 200000 [ 90%]  (Sampling)
Iteration: 200000 / 200000 [100%]  (Sampling)

 Elapsed Time: 881.89 seconds (Warm-up)
               619.96 seconds (Sampling)
               1501.85 seconds (Total)

[1] "Iteration 12 times used: 1501.85"

SAMPLING FOR MODEL 'baseball_simper' NOW (CHAIN 1).

Gradient evaluation took 0 seconds
1000 transitions using 10 leapfrog steps per transition would take 0 seconds.
Adjust your expectations accordingly!


Iteration:      1 / 200000 [  0%]  (Warmup)
Iteration:  20000 / 200000 [ 10%]  (Warmup)
Iteration:  40000 / 200000 [ 20%]  (Warmup)
Iteration:  60000 / 200000 [ 30%]  (Warmup)
Iteration:  80000 / 200000 [ 40%]  (Warmup)
Iteration: 100000 / 200000 [ 50%]  (Warmup)
Iteration: 100001 / 200000 [ 50%]  (Sampling)
Iteration: 120000 / 200000 [ 60%]  (Sampling)
Iteration: 140000 / 200000 [ 70%]  (Sampling)
Iteration: 160000 / 200000 [ 80%]  (Sampling)
Iteration: 180000 / 200000 [ 90%]  (Sampling)
Iteration: 200000 / 200000 [100%]  (Sampling)

 Elapsed Time: 887.03 seconds (Warm-up)
               1608.94 seconds (Sampling)
               2495.97 seconds (Total)

[1] "Iteration 13 times used: 2495.97"

SAMPLING FOR MODEL 'baseball_simper' NOW (CHAIN 1).

Gradient evaluation took 0 seconds
1000 transitions using 10 leapfrog steps per transition would take 0 seconds.
Adjust your expectations accordingly!


Iteration:      1 / 200000 [  0%]  (Warmup)
Iteration:  20000 / 200000 [ 10%]  (Warmup)
Iteration:  40000 / 200000 [ 20%]  (Warmup)
Iteration:  60000 / 200000 [ 30%]  (Warmup)
Iteration:  80000 / 200000 [ 40%]  (Warmup)
Iteration: 100000 / 200000 [ 50%]  (Warmup)
Iteration: 100001 / 200000 [ 50%]  (Sampling)
Iteration: 120000 / 200000 [ 60%]  (Sampling)
Iteration: 140000 / 200000 [ 70%]  (Sampling)
Iteration: 160000 / 200000 [ 80%]  (Sampling)
Iteration: 180000 / 200000 [ 90%]  (Sampling)
Iteration: 200000 / 200000 [100%]  (Sampling)

 Elapsed Time: 874.42 seconds (Warm-up)
               509.2 seconds (Sampling)
               1383.62 seconds (Total)

[1] "Iteration 14 times used: 1383.62"

SAMPLING FOR MODEL 'baseball_simper' NOW (CHAIN 1).

Gradient evaluation took 0 seconds
1000 transitions using 10 leapfrog steps per transition would take 0 seconds.
Adjust your expectations accordingly!


Iteration:      1 / 200000 [  0%]  (Warmup)
Iteration:  20000 / 200000 [ 10%]  (Warmup)
Iteration:  40000 / 200000 [ 20%]  (Warmup)
Iteration:  60000 / 200000 [ 30%]  (Warmup)
Iteration:  80000 / 200000 [ 40%]  (Warmup)
Iteration: 100000 / 200000 [ 50%]  (Warmup)
Iteration: 100001 / 200000 [ 50%]  (Sampling)
Iteration: 120000 / 200000 [ 60%]  (Sampling)
Iteration: 140000 / 200000 [ 70%]  (Sampling)
Iteration: 160000 / 200000 [ 80%]  (Sampling)
Iteration: 180000 / 200000 [ 90%]  (Sampling)
Iteration: 200000 / 200000 [100%]  (Sampling)

 Elapsed Time: 895.2 seconds (Warm-up)
               983.98 seconds (Sampling)
               1879.18 seconds (Total)

[1] "Iteration 15 times used: 1879.18"

SAMPLING FOR MODEL 'baseball_simper' NOW (CHAIN 1).

Gradient evaluation took 0 seconds
1000 transitions using 10 leapfrog steps per transition would take 0 seconds.
Adjust your expectations accordingly!


Iteration:      1 / 200000 [  0%]  (Warmup)
Iteration:  20000 / 200000 [ 10%]  (Warmup)
Iteration:  40000 / 200000 [ 20%]  (Warmup)
Iteration:  60000 / 200000 [ 30%]  (Warmup)
Iteration:  80000 / 200000 [ 40%]  (Warmup)
Iteration: 100000 / 200000 [ 50%]  (Warmup)
Iteration: 100001 / 200000 [ 50%]  (Sampling)
Iteration: 120000 / 200000 [ 60%]  (Sampling)
Iteration: 140000 / 200000 [ 70%]  (Sampling)
Iteration: 160000 / 200000 [ 80%]  (Sampling)
Iteration: 180000 / 200000 [ 90%]  (Sampling)
Iteration: 200000 / 200000 [100%]  (Sampling)

 Elapsed Time: 835.87 seconds (Warm-up)
               485.32 seconds (Sampling)
               1321.19 seconds (Total)

[1] "Iteration 16 times used: 1321.19"

SAMPLING FOR MODEL 'baseball_simper' NOW (CHAIN 1).

Gradient evaluation took 0 seconds
1000 transitions using 10 leapfrog steps per transition would take 0 seconds.
Adjust your expectations accordingly!


Iteration:      1 / 200000 [  0%]  (Warmup)
Iteration:  20000 / 200000 [ 10%]  (Warmup)
Iteration:  40000 / 200000 [ 20%]  (Warmup)
Iteration:  60000 / 200000 [ 30%]  (Warmup)
Iteration:  80000 / 200000 [ 40%]  (Warmup)
Iteration: 100000 / 200000 [ 50%]  (Warmup)
Iteration: 100001 / 200000 [ 50%]  (Sampling)
Iteration: 120000 / 200000 [ 60%]  (Sampling)
Iteration: 140000 / 200000 [ 70%]  (Sampling)
Iteration: 160000 / 200000 [ 80%]  (Sampling)
Iteration: 180000 / 200000 [ 90%]  (Sampling)
Iteration: 200000 / 200000 [100%]  (Sampling)

 Elapsed Time: 902.21 seconds (Warm-up)
               630.78 seconds (Sampling)
               1532.99 seconds (Total)

[1] "Iteration 17 times used: 1532.99"

SAMPLING FOR MODEL 'baseball_simper' NOW (CHAIN 1).

Gradient evaluation took 0 seconds
1000 transitions using 10 leapfrog steps per transition would take 0 seconds.
Adjust your expectations accordingly!


Iteration:      1 / 200000 [  0%]  (Warmup)
Iteration:  20000 / 200000 [ 10%]  (Warmup)
Iteration:  40000 / 200000 [ 20%]  (Warmup)
Iteration:  60000 / 200000 [ 30%]  (Warmup)
Iteration:  80000 / 200000 [ 40%]  (Warmup)
Iteration: 100000 / 200000 [ 50%]  (Warmup)
Iteration: 100001 / 200000 [ 50%]  (Sampling)
Iteration: 120000 / 200000 [ 60%]  (Sampling)
Iteration: 140000 / 200000 [ 70%]  (Sampling)
Iteration: 160000 / 200000 [ 80%]  (Sampling)
Iteration: 180000 / 200000 [ 90%]  (Sampling)
Iteration: 200000 / 200000 [100%]  (Sampling)

 Elapsed Time: 818.2 seconds (Warm-up)
               904.92 seconds (Sampling)
               1723.12 seconds (Total)

[1] "Iteration 18 times used: 1723.12"

SAMPLING FOR MODEL 'baseball_simper' NOW (CHAIN 1).

Gradient evaluation took 0 seconds
1000 transitions using 10 leapfrog steps per transition would take 0 seconds.
Adjust your expectations accordingly!


Iteration:      1 / 200000 [  0%]  (Warmup)
Iteration:  20000 / 200000 [ 10%]  (Warmup)
Iteration:  40000 / 200000 [ 20%]  (Warmup)
Iteration:  60000 / 200000 [ 30%]  (Warmup)
Iteration:  80000 / 200000 [ 40%]  (Warmup)
Iteration: 100000 / 200000 [ 50%]  (Warmup)
Iteration: 100001 / 200000 [ 50%]  (Sampling)
Iteration: 120000 / 200000 [ 60%]  (Sampling)
Iteration: 140000 / 200000 [ 70%]  (Sampling)
Iteration: 160000 / 200000 [ 80%]  (Sampling)
Iteration: 180000 / 200000 [ 90%]  (Sampling)
Iteration: 200000 / 200000 [100%]  (Sampling)

 Elapsed Time: 899.82 seconds (Warm-up)
               539.15 seconds (Sampling)
               1438.97 seconds (Total)

[1] "Iteration 19 times used: 1438.97"

SAMPLING FOR MODEL 'baseball_simper' NOW (CHAIN 1).

Gradient evaluation took 0 seconds
1000 transitions using 10 leapfrog steps per transition would take 0 seconds.
Adjust your expectations accordingly!


Iteration:      1 / 200000 [  0%]  (Warmup)
Iteration:  20000 / 200000 [ 10%]  (Warmup)
Iteration:  40000 / 200000 [ 20%]  (Warmup)
Iteration:  60000 / 200000 [ 30%]  (Warmup)
Iteration:  80000 / 200000 [ 40%]  (Warmup)
Iteration: 100000 / 200000 [ 50%]  (Warmup)
Iteration: 100001 / 200000 [ 50%]  (Sampling)
Iteration: 120000 / 200000 [ 60%]  (Sampling)
Iteration: 140000 / 200000 [ 70%]  (Sampling)
Iteration: 160000 / 200000 [ 80%]  (Sampling)
Iteration: 180000 / 200000 [ 90%]  (Sampling)
Iteration: 200000 / 200000 [100%]  (Sampling)

 Elapsed Time: 796.09 seconds (Warm-up)
               613.17 seconds (Sampling)
               1409.26 seconds (Total)

[1] "Iteration 20 times used: 1409.26"

SAMPLING FOR MODEL 'baseball_simper' NOW (CHAIN 1).

Gradient evaluation took 0 seconds
1000 transitions using 10 leapfrog steps per transition would take 0 seconds.
Adjust your expectations accordingly!


Iteration:      1 / 200000 [  0%]  (Warmup)
Iteration:  20000 / 200000 [ 10%]  (Warmup)
Iteration:  40000 / 200000 [ 20%]  (Warmup)
Iteration:  60000 / 200000 [ 30%]  (Warmup)
Iteration:  80000 / 200000 [ 40%]  (Warmup)
Iteration: 100000 / 200000 [ 50%]  (Warmup)
Iteration: 100001 / 200000 [ 50%]  (Sampling)
Iteration: 120000 / 200000 [ 60%]  (Sampling)
Iteration: 140000 / 200000 [ 70%]  (Sampling)
Iteration: 160000 / 200000 [ 80%]  (Sampling)
Iteration: 180000 / 200000 [ 90%]  (Sampling)
Iteration: 200000 / 200000 [100%]  (Sampling)

 Elapsed Time: 706.4 seconds (Warm-up)
               2125.72 seconds (Sampling)
               2832.12 seconds (Total)

[1] "Iteration 21 times used: 2832.12"

SAMPLING FOR MODEL 'baseball_simper' NOW (CHAIN 1).

Gradient evaluation took 0 seconds
1000 transitions using 10 leapfrog steps per transition would take 0 seconds.
Adjust your expectations accordingly!


Iteration:      1 / 200000 [  0%]  (Warmup)
Iteration:  20000 / 200000 [ 10%]  (Warmup)
Iteration:  40000 / 200000 [ 20%]  (Warmup)
Iteration:  60000 / 200000 [ 30%]  (Warmup)
Iteration:  80000 / 200000 [ 40%]  (Warmup)
Iteration: 100000 / 200000 [ 50%]  (Warmup)
Iteration: 100001 / 200000 [ 50%]  (Sampling)
Iteration: 120000 / 200000 [ 60%]  (Sampling)
Iteration: 140000 / 200000 [ 70%]  (Sampling)
Iteration: 160000 / 200000 [ 80%]  (Sampling)
Iteration: 180000 / 200000 [ 90%]  (Sampling)
Iteration: 200000 / 200000 [100%]  (Sampling)

 Elapsed Time: 861.34 seconds (Warm-up)
               918.95 seconds (Sampling)
               1780.29 seconds (Total)

[1] "Iteration 22 times used: 1780.29"

SAMPLING FOR MODEL 'baseball_simper' NOW (CHAIN 1).

Gradient evaluation took 0 seconds
1000 transitions using 10 leapfrog steps per transition would take 0 seconds.
Adjust your expectations accordingly!


Iteration:      1 / 200000 [  0%]  (Warmup)
Iteration:  20000 / 200000 [ 10%]  (Warmup)
Iteration:  40000 / 200000 [ 20%]  (Warmup)
Iteration:  60000 / 200000 [ 30%]  (Warmup)
Iteration:  80000 / 200000 [ 40%]  (Warmup)
Iteration: 100000 / 200000 [ 50%]  (Warmup)
Iteration: 100001 / 200000 [ 50%]  (Sampling)
Iteration: 120000 / 200000 [ 60%]  (Sampling)
Iteration: 140000 / 200000 [ 70%]  (Sampling)
Iteration: 160000 / 200000 [ 80%]  (Sampling)
Iteration: 180000 / 200000 [ 90%]  (Sampling)
Iteration: 200000 / 200000 [100%]  (Sampling)

 Elapsed Time: 569.14 seconds (Warm-up)
               573.36 seconds (Sampling)
               1142.5 seconds (Total)

[1] "Iteration 23 times used: 1142.5"

SAMPLING FOR MODEL 'baseball_simper' NOW (CHAIN 1).

Gradient evaluation took 0 seconds
1000 transitions using 10 leapfrog steps per transition would take 0 seconds.
Adjust your expectations accordingly!


Iteration:      1 / 200000 [  0%]  (Warmup)
Iteration:  20000 / 200000 [ 10%]  (Warmup)
Iteration:  40000 / 200000 [ 20%]  (Warmup)
Iteration:  60000 / 200000 [ 30%]  (Warmup)
Iteration:  80000 / 200000 [ 40%]  (Warmup)
Iteration: 100000 / 200000 [ 50%]  (Warmup)
Iteration: 100001 / 200000 [ 50%]  (Sampling)
Iteration: 120000 / 200000 [ 60%]  (Sampling)
Iteration: 140000 / 200000 [ 70%]  (Sampling)
Iteration: 160000 / 200000 [ 80%]  (Sampling)
Iteration: 180000 / 200000 [ 90%]  (Sampling)
Iteration: 200000 / 200000 [100%]  (Sampling)

 Elapsed Time: 830.35 seconds (Warm-up)
               421.42 seconds (Sampling)
               1251.77 seconds (Total)

[1] "Iteration 24 times used: 1251.77"

SAMPLING FOR MODEL 'baseball_simper' NOW (CHAIN 1).

Gradient evaluation took 0 seconds
1000 transitions using 10 leapfrog steps per transition would take 0 seconds.
Adjust your expectations accordingly!


Iteration:      1 / 200000 [  0%]  (Warmup)
Iteration:  20000 / 200000 [ 10%]  (Warmup)
Iteration:  40000 / 200000 [ 20%]  (Warmup)
Iteration:  60000 / 200000 [ 30%]  (Warmup)
Iteration:  80000 / 200000 [ 40%]  (Warmup)
Iteration: 100000 / 200000 [ 50%]  (Warmup)
Iteration: 100001 / 200000 [ 50%]  (Sampling)
Iteration: 120000 / 200000 [ 60%]  (Sampling)
Iteration: 140000 / 200000 [ 70%]  (Sampling)
Iteration: 160000 / 200000 [ 80%]  (Sampling)
Iteration: 180000 / 200000 [ 90%]  (Sampling)
Iteration: 200000 / 200000 [100%]  (Sampling)

 Elapsed Time: 808.57 seconds (Warm-up)
               2918.21 seconds (Sampling)
               3726.78 seconds (Total)

[1] "Iteration 25 times used: 3726.78"

SAMPLING FOR MODEL 'baseball_simper' NOW (CHAIN 1).

Gradient evaluation took 0 seconds
1000 transitions using 10 leapfrog steps per transition would take 0 seconds.
Adjust your expectations accordingly!


Iteration:      1 / 200000 [  0%]  (Warmup)
Iteration:  20000 / 200000 [ 10%]  (Warmup)
Iteration:  40000 / 200000 [ 20%]  (Warmup)
Iteration:  60000 / 200000 [ 30%]  (Warmup)
Iteration:  80000 / 200000 [ 40%]  (Warmup)
Iteration: 100000 / 200000 [ 50%]  (Warmup)
Iteration: 100001 / 200000 [ 50%]  (Sampling)
Iteration: 120000 / 200000 [ 60%]  (Sampling)
Iteration: 140000 / 200000 [ 70%]  (Sampling)
Iteration: 160000 / 200000 [ 80%]  (Sampling)
Iteration: 180000 / 200000 [ 90%]  (Sampling)
Iteration: 200000 / 200000 [100%]  (Sampling)

 Elapsed Time: 840.09 seconds (Warm-up)
               1188.79 seconds (Sampling)
               2028.88 seconds (Total)

[1] "Iteration 26 times used: 2028.88"

SAMPLING FOR MODEL 'baseball_simper' NOW (CHAIN 1).

Gradient evaluation took 0 seconds
1000 transitions using 10 leapfrog steps per transition would take 0 seconds.
Adjust your expectations accordingly!


Iteration:      1 / 200000 [  0%]  (Warmup)
Iteration:  20000 / 200000 [ 10%]  (Warmup)
Iteration:  40000 / 200000 [ 20%]  (Warmup)
Iteration:  60000 / 200000 [ 30%]  (Warmup)
Iteration:  80000 / 200000 [ 40%]  (Warmup)
Iteration: 100000 / 200000 [ 50%]  (Warmup)
Iteration: 100001 / 200000 [ 50%]  (Sampling)
Iteration: 120000 / 200000 [ 60%]  (Sampling)
Iteration: 140000 / 200000 [ 70%]  (Sampling)
Iteration: 160000 / 200000 [ 80%]  (Sampling)
Iteration: 180000 / 200000 [ 90%]  (Sampling)
Iteration: 200000 / 200000 [100%]  (Sampling)

 Elapsed Time: 904.26 seconds (Warm-up)
               3003.76 seconds (Sampling)
               3908.02 seconds (Total)

[1] "Iteration 27 times used: 3908.02"

SAMPLING FOR MODEL 'baseball_simper' NOW (CHAIN 1).

Gradient evaluation took 0 seconds
1000 transitions using 10 leapfrog steps per transition would take 0 seconds.
Adjust your expectations accordingly!


Iteration:      1 / 200000 [  0%]  (Warmup)
Iteration:  20000 / 200000 [ 10%]  (Warmup)
Iteration:  40000 / 200000 [ 20%]  (Warmup)
Iteration:  60000 / 200000 [ 30%]  (Warmup)
Iteration:  80000 / 200000 [ 40%]  (Warmup)
Iteration: 100000 / 200000 [ 50%]  (Warmup)
Iteration: 100001 / 200000 [ 50%]  (Sampling)
Iteration: 120000 / 200000 [ 60%]  (Sampling)
Iteration: 140000 / 200000 [ 70%]  (Sampling)
Iteration: 160000 / 200000 [ 80%]  (Sampling)
Iteration: 180000 / 200000 [ 90%]  (Sampling)
Iteration: 200000 / 200000 [100%]  (Sampling)

 Elapsed Time: 848.42 seconds (Warm-up)
               660.44 seconds (Sampling)
               1508.86 seconds (Total)

[1] "Iteration 28 times used: 1508.86"

SAMPLING FOR MODEL 'baseball_simper' NOW (CHAIN 1).

Gradient evaluation took 0 seconds
1000 transitions using 10 leapfrog steps per transition would take 0 seconds.
Adjust your expectations accordingly!


Iteration:      1 / 200000 [  0%]  (Warmup)
Iteration:  20000 / 200000 [ 10%]  (Warmup)
Iteration:  40000 / 200000 [ 20%]  (Warmup)
Iteration:  60000 / 200000 [ 30%]  (Warmup)
Iteration:  80000 / 200000 [ 40%]  (Warmup)
Iteration: 100000 / 200000 [ 50%]  (Warmup)
Iteration: 100001 / 200000 [ 50%]  (Sampling)
Iteration: 120000 / 200000 [ 60%]  (Sampling)
Iteration: 140000 / 200000 [ 70%]  (Sampling)
Iteration: 160000 / 200000 [ 80%]  (Sampling)
Iteration: 180000 / 200000 [ 90%]  (Sampling)
Iteration: 200000 / 200000 [100%]  (Sampling)

 Elapsed Time: 777.36 seconds (Warm-up)
               708.52 seconds (Sampling)
               1485.88 seconds (Total)

[1] "Iteration 29 times used: 1485.88"

SAMPLING FOR MODEL 'baseball_simper' NOW (CHAIN 1).

Gradient evaluation took 0 seconds
1000 transitions using 10 leapfrog steps per transition would take 0 seconds.
Adjust your expectations accordingly!


Iteration:      1 / 200000 [  0%]  (Warmup)
Iteration:  20000 / 200000 [ 10%]  (Warmup)
Iteration:  40000 / 200000 [ 20%]  (Warmup)
Iteration:  60000 / 200000 [ 30%]  (Warmup)
Iteration:  80000 / 200000 [ 40%]  (Warmup)
Iteration: 100000 / 200000 [ 50%]  (Warmup)
Iteration: 100001 / 200000 [ 50%]  (Sampling)
Iteration: 120000 / 200000 [ 60%]  (Sampling)
Iteration: 140000 / 200000 [ 70%]  (Sampling)
Iteration: 160000 / 200000 [ 80%]  (Sampling)
Iteration: 180000 / 200000 [ 90%]  (Sampling)
Iteration: 200000 / 200000 [100%]  (Sampling)

 Elapsed Time: 875.69 seconds (Warm-up)
               2908.73 seconds (Sampling)
               3784.42 seconds (Total)

[1] "Iteration 30 times used: 3784.42"

SAMPLING FOR MODEL 'baseball_simper' NOW (CHAIN 1).

Gradient evaluation took 0 seconds
1000 transitions using 10 leapfrog steps per transition would take 0 seconds.
Adjust your expectations accordingly!


Iteration:      1 / 200000 [  0%]  (Warmup)
Iteration:  20000 / 200000 [ 10%]  (Warmup)
Iteration:  40000 / 200000 [ 20%]  (Warmup)
Iteration:  60000 / 200000 [ 30%]  (Warmup)
Iteration:  80000 / 200000 [ 40%]  (Warmup)
Iteration: 100000 / 200000 [ 50%]  (Warmup)
Iteration: 100001 / 200000 [ 50%]  (Sampling)
Iteration: 120000 / 200000 [ 60%]  (Sampling)
Iteration: 140000 / 200000 [ 70%]  (Sampling)
Iteration: 160000 / 200000 [ 80%]  (Sampling)
Iteration: 180000 / 200000 [ 90%]  (Sampling)
Iteration: 200000 / 200000 [100%]  (Sampling)

 Elapsed Time: 876.19 seconds (Warm-up)
               1733.12 seconds (Sampling)
               2609.31 seconds (Total)

[1] "Iteration 31 times used: 2609.31"

SAMPLING FOR MODEL 'baseball_simper' NOW (CHAIN 1).

Gradient evaluation took 0 seconds
1000 transitions using 10 leapfrog steps per transition would take 0 seconds.
Adjust your expectations accordingly!


Iteration:      1 / 200000 [  0%]  (Warmup)
Iteration:  20000 / 200000 [ 10%]  (Warmup)
Iteration:  40000 / 200000 [ 20%]  (Warmup)
Iteration:  60000 / 200000 [ 30%]  (Warmup)
Iteration:  80000 / 200000 [ 40%]  (Warmup)
Iteration: 100000 / 200000 [ 50%]  (Warmup)
Iteration: 100001 / 200000 [ 50%]  (Sampling)
Iteration: 120000 / 200000 [ 60%]  (Sampling)
Iteration: 140000 / 200000 [ 70%]  (Sampling)
Iteration: 160000 / 200000 [ 80%]  (Sampling)
Iteration: 180000 / 200000 [ 90%]  (Sampling)
Iteration: 200000 / 200000 [100%]  (Sampling)

 Elapsed Time: 874.32 seconds (Warm-up)
               2393.45 seconds (Sampling)
               3267.77 seconds (Total)

[1] "Iteration 32 times used: 3267.77"

SAMPLING FOR MODEL 'baseball_simper' NOW (CHAIN 1).

Gradient evaluation took 0 seconds
1000 transitions using 10 leapfrog steps per transition would take 0 seconds.
Adjust your expectations accordingly!


Iteration:      1 / 200000 [  0%]  (Warmup)
Iteration:  20000 / 200000 [ 10%]  (Warmup)
Iteration:  40000 / 200000 [ 20%]  (Warmup)
Iteration:  60000 / 200000 [ 30%]  (Warmup)
Iteration:  80000 / 200000 [ 40%]  (Warmup)
Iteration: 100000 / 200000 [ 50%]  (Warmup)
Iteration: 100001 / 200000 [ 50%]  (Sampling)
Iteration: 120000 / 200000 [ 60%]  (Sampling)
Iteration: 140000 / 200000 [ 70%]  (Sampling)
Iteration: 160000 / 200000 [ 80%]  (Sampling)
Iteration: 180000 / 200000 [ 90%]  (Sampling)
Iteration: 200000 / 200000 [100%]  (Sampling)

 Elapsed Time: 884.35 seconds (Warm-up)
               1310.93 seconds (Sampling)
               2195.28 seconds (Total)

[1] "Iteration 33 times used: 2195.28"

SAMPLING FOR MODEL 'baseball_simper' NOW (CHAIN 1).

Gradient evaluation took 0 seconds
1000 transitions using 10 leapfrog steps per transition would take 0 seconds.
Adjust your expectations accordingly!


Iteration:      1 / 200000 [  0%]  (Warmup)
Iteration:  20000 / 200000 [ 10%]  (Warmup)
Iteration:  40000 / 200000 [ 20%]  (Warmup)
Iteration:  60000 / 200000 [ 30%]  (Warmup)
Iteration:  80000 / 200000 [ 40%]  (Warmup)
Iteration: 100000 / 200000 [ 50%]  (Warmup)
Iteration: 100001 / 200000 [ 50%]  (Sampling)
Iteration: 120000 / 200000 [ 60%]  (Sampling)
Iteration: 140000 / 200000 [ 70%]  (Sampling)
Iteration: 160000 / 200000 [ 80%]  (Sampling)
Iteration: 180000 / 200000 [ 90%]  (Sampling)
Iteration: 200000 / 200000 [100%]  (Sampling)

 Elapsed Time: 688.36 seconds (Warm-up)
               602.2 seconds (Sampling)
               1290.56 seconds (Total)

[1] "Iteration 34 times used: 1290.56"

SAMPLING FOR MODEL 'baseball_simper' NOW (CHAIN 1).

Gradient evaluation took 0 seconds
1000 transitions using 10 leapfrog steps per transition would take 0 seconds.
Adjust your expectations accordingly!


Iteration:      1 / 200000 [  0%]  (Warmup)
Iteration:  20000 / 200000 [ 10%]  (Warmup)
Iteration:  40000 / 200000 [ 20%]  (Warmup)
Iteration:  60000 / 200000 [ 30%]  (Warmup)
Iteration:  80000 / 200000 [ 40%]  (Warmup)
Iteration: 100000 / 200000 [ 50%]  (Warmup)
Iteration: 100001 / 200000 [ 50%]  (Sampling)
Iteration: 120000 / 200000 [ 60%]  (Sampling)
Iteration: 140000 / 200000 [ 70%]  (Sampling)
Iteration: 160000 / 200000 [ 80%]  (Sampling)
Iteration: 180000 / 200000 [ 90%]  (Sampling)
Iteration: 200000 / 200000 [100%]  (Sampling)

 Elapsed Time: 893.68 seconds (Warm-up)
               415.4 seconds (Sampling)
               1309.08 seconds (Total)

[1] "Iteration 35 times used: 1309.08"

SAMPLING FOR MODEL 'baseball_simper' NOW (CHAIN 1).

Gradient evaluation took 0 seconds
1000 transitions using 10 leapfrog steps per transition would take 0 seconds.
Adjust your expectations accordingly!


Iteration:      1 / 200000 [  0%]  (Warmup)
Iteration:  20000 / 200000 [ 10%]  (Warmup)
Iteration:  40000 / 200000 [ 20%]  (Warmup)
Iteration:  60000 / 200000 [ 30%]  (Warmup)
Iteration:  80000 / 200000 [ 40%]  (Warmup)
Iteration: 100000 / 200000 [ 50%]  (Warmup)
Iteration: 100001 / 200000 [ 50%]  (Sampling)
Iteration: 120000 / 200000 [ 60%]  (Sampling)
Iteration: 140000 / 200000 [ 70%]  (Sampling)
Iteration: 160000 / 200000 [ 80%]  (Sampling)
